{
  "RSpec": {
    "coverage": {
      "/Users/textchimp/sei/classwork/week7/fruitstore-tdd/app/controllers/fruits_controller.rb": {
        "lines": [
          1,
          null,
          1,
          3,
          null,
          null,
          null
        ]
      },
      "/Users/textchimp/sei/classwork/week7/fruitstore-tdd/app/controllers/application_controller.rb": {
        "lines": [
          1,
          null
        ]
      },
      "/Users/textchimp/sei/classwork/week7/fruitstore-tdd/app/models/shelf.rb": {
        "lines": [
          1,
          null
        ]
      },
      "/Users/textchimp/sei/classwork/week7/fruitstore-tdd/app/models/application_record.rb": {
        "lines": [
          1,
          1,
          null
        ]
      },
      "/Users/textchimp/sei/classwork/week7/fruitstore-tdd/app/models/fruit.rb": {
        "lines": [
          1,
          null,
          1,
          null,
          1,
          0,
          null,
          null,
          null
        ]
      }
    },
    "timestamp": 1644290341
  }
}
