{
  "RSpec": {
    "coverage": {
      "/Users/textchimp/sei/classwork/week7/fruitstore-tdd/app/controllers/fruits_controller.rb": {
        "lines": [
          1,
          null,
          1,
          4,
          null,
          null,
          null,
          1,
          3,
          3,
          null,
          null,
          null,
          1,
          null,
          1,
          3,
          null,
          null,
          null
        ]
      },
      "/Users/textchimp/sei/classwork/week7/fruitstore-tdd/app/controllers/application_controller.rb": {
        "lines": [
          1,
          null
        ]
      },
      "/Users/textchimp/sei/classwork/week7/fruitstore-tdd/spec/models/fruit_spec.rb": {
        "lines": [
          null,
          1,
          null,
          1,
          null,
          null,
          null,
          null,
          null,
          null,
          null,
          1,
          10,
          10,
          10,
          null,
          null,
          null,
          null,
          null,
          1,
          null,
          null,
          null,
          null,
          null,
          null,
          null,
          1,
          1,
          null,
          null,
          null,
          1,
          1,
          null,
          null,
          null,
          1,
          1,
          null,
          null,
          null,
          1,
          1,
          1,
          null,
          null,
          null,
          1,
          1,
          null,
          null,
          null,
          1,
          1,
          null,
          null,
          null,
          1,
          1,
          null,
          null,
          null,
          1,
          1,
          1,
          null,
          null,
          null,
          null,
          null,
          1,
          1,
          1,
          null,
          null,
          null,
          1,
          1,
          1,
          null,
          null,
          null,
          null,
          null,
          null,
          2,
          null,
          null,
          null
        ]
      },
      "/Users/textchimp/sei/classwork/week7/fruitstore-tdd/app/models/fruit.rb": {
        "lines": [
          1,
          null,
          1,
          null,
          1,
          1,
          null,
          null,
          null
        ]
      },
      "/Users/textchimp/sei/classwork/week7/fruitstore-tdd/app/models/application_record.rb": {
        "lines": [
          1,
          1,
          null
        ]
      },
      "/Users/textchimp/sei/classwork/week7/fruitstore-tdd/app/models/shelf.rb": {
        "lines": [
          1,
          null
        ]
      },
      "/Users/textchimp/sei/classwork/week7/fruitstore-tdd/app/models/pear.rb": {
        "lines": [
          null,
          null,
          null,
          null,
          null,
          null,
          null,
          null,
          null,
          null,
          null,
          null,
          1,
          null,
          1,
          null,
          1,
          1,
          null,
          null,
          null
        ]
      }
    },
    "timestamp": 1644293419
  }
}
